MyApplication2/app/build/intermediates/manifest_merge_blame_file/debug/manifest-merger-blame-debug-report.txt
1<?xml version="1.0" encoding="utf-8"?>
2<manifest xmlns:android="http://schemas.android.com/apk/res/android"
3    package="com.example.deng.myapplication2"
4    android:versionCode="1"
5    android:versionName="1.0" >
6
7    <uses-sdk
8        android:minSdkVersion="24"
8-->src\main\AndroidManifest.xml
9        android:targetSdkVersion="28" />
9-->src\main\AndroidManifest.xml
10
11    <uses-permission android:name="android.permission.RECORD_AUDIO" />
11-->src\main\AndroidManifest.xml:43:5-71
11-->src\main\AndroidManifest.xml:43:22-68
12    <uses-permission android:name="android.permission.ACCESS_NETWORK_STATE" />
12-->src\main\AndroidManifest.xml:44:5-79
12-->src\main\AndroidManifest.xml:44:22-76
13    <uses-permission android:name="android.permission.INTERNET" />
13-->src\main\AndroidManifest.xml:45:5-67
13-->src\main\AndroidManifest.xml:45:22-64
14    <uses-permission android:name="android.permission.READ_PHONE_STATE" />
14-->src\main\AndroidManifest.xml:46:5-75
14-->src\main\AndroidManifest.xml:46:22-72
15    <uses-permission android:name="android.permission.WRITE_EXTERNAL_STORAGE" />
15-->src\main\AndroidManifest.xml:47:5-81
15-->src\main\AndroidManifest.xml:47:22-78
16    <uses-permission android:name="android.permission.INTERNET" />
16-->src\main\AndroidManifest.xml:45:5-67
16-->src\main\AndroidManifest.xml:45:22-64
17    <uses-permission android:name="android.permission.READ_EXTERNAL_STORAGE" />
17-->src\main\AndroidManifest.xml:49:5-80
17-->src\main\AndroidManifest.xml:49:22-77
18    <uses-permission android:name="android.permission.WRITE_EXTERNAL_STORAGE" />
18-->src\main\AndroidManifest.xml:47:5-81
18-->src\main\AndroidManifest.xml:47:22-78
19    <uses-permission android:name="android.permission.ACCESS_NETWORK_STATE" />
19-->src\main\AndroidManifest.xml:44:5-79
19-->src\main\AndroidManifest.xml:44:22-76
20    <uses-permission android:name="com.android.launcher.permission.READ_SETTINGS" />
20-->src\main\AndroidManifest.xml:52:5-85
20-->src\main\AndroidManifest.xml:52:22-82
21    <uses-permission android:name="android.permission.WAKE_LOCK" />
21-->src\main\AndroidManifest.xml:53:5-68
21-->src\main\AndroidManifest.xml:53:22-65
22    <uses-permission android:name="android.permission.CHANGE_WIFI_STATE" />
22-->src\main\AndroidManifest.xml:54:5-76
22-->src\main\AndroidManifest.xml:54:22-73
23    <uses-permission android:name="android.permission.ACCESS_WIFI_STATE" />
23-->src\main\AndroidManifest.xml:55:5-76
23-->src\main\AndroidManifest.xml:55:22-73
24    <uses-permission android:name="android.permission.GET_TASKS" />
24-->src\main\AndroidManifest.xml:56:5-68
24-->src\main\AndroidManifest.xml:56:22-65
25    <uses-permission android:name="android.permission.GET_ACCOUNTS" />
25-->src\main\AndroidManifest.xml:57:5-71
25-->src\main\AndroidManifest.xml:57:22-68
26    <uses-permission android:name="android.permission.CAMERA" />
26-->src\main\AndroidManifest.xml:58:5-65
26-->src\main\AndroidManifest.xml:58:22-62
27    <uses-permission android:name="android.permission.VIBRATE" />
27-->src\main\AndroidManifest.xml:59:5-66
27-->src\main\AndroidManifest.xml:59:22-63
28    <uses-permission android:name="android.permission.FLASHLIGHT" />
28-->src\main\AndroidManifest.xml:60:5-69
28-->src\main\AndroidManifest.xml:60:22-66
29    <uses-permission android:name="android.permission.ACCESS_COARSE_LOCATION" />
29-->src\main\AndroidManifest.xml:61:5-81
29-->src\main\AndroidManifest.xml:61:22-78
30    <uses-permission android:name="android.permission.ACCESS_FINE_LOCATION" />
30-->src\main\AndroidManifest.xml:62:5-79
30-->src\main\AndroidManifest.xml:62:22-76
31    <uses-permission android:name="android.permission.READ_PHONE_STATE" />
31-->src\main\AndroidManifest.xml:46:5-75
31-->src\main\AndroidManifest.xml:46:22-72
32    <uses-permission android:name="android.permission.BLUETOOTH" />
32-->src\main\AndroidManifest.xml:64:5-68
32-->src\main\AndroidManifest.xml:64:22-65
33    <uses-permission android:name="android.permission.BLUETOOTH_ADMIN" />
33-->src\main\AndroidManifest.xml:66:5-74
33-->src\main\AndroidManifest.xml:66:22-71
34
35    <application
35-->src\main\AndroidManifest.xml:5:5-42:19
36        android:name="com.example.deng.myapplication2.Application.MyApplication"
36-->src\main\AndroidManifest.xml:6:9-50
37        android:allowBackup="true"
37-->src\main\AndroidManifest.xml:7:9-35
38        android:appComponentFactory="androidx.core.app.CoreComponentFactory"
38-->[androidx.core:core:1.1.0] AndroidManifest.xml:24:18-86
39        android:debuggable="true"
40        android:icon="@mipmap/ic_launcher"
40-->src\main\AndroidManifest.xml:8:9-43
41        android:label="@string/app_name"
41-->src\main\AndroidManifest.xml:9:9-41
42        android:networkSecurityConfig="@xml/network_security_config"
42-->src\main\AndroidManifest.xml:10:9-69
43        android:roundIcon="@mipmap/ic_launcher_round"
43-->src\main\AndroidManifest.xml:11:9-54
44        android:supportsRtl="true"
44-->src\main\AndroidManifest.xml:12:9-35
45        android:testOnly="true"
46        android:theme="@style/AppTheme" >
46-->src\main\AndroidManifest.xml:13:9-40
47        <activity android:name="com.example.deng.myapplication2.View.Main3Activity" />
47-->src\main\AndroidManifest.xml:14:9-65
47-->src\main\AndroidManifest.xml:14:19-53
48        <activity android:name="com.example.deng.myapplication2.View.Main2Activity" />
48-->src\main\AndroidManifest.xml:15:9-56
48-->src\main\AndroidManifest.xml:15:19-53
49        <activity android:name="com.example.deng.myapplication2.View.MainActivity" >
49-->src\main\AndroidManifest.xml:16:9-22:20
49-->src\main\AndroidManifest.xml:16:19-52
50            <intent-filter>
50-->src\main\AndroidManifest.xml:17:13-21:29
51                <action android:name="android.intent.action.MAIN" />
51-->src\main\AndroidManifest.xml:18:17-69
51-->src\main\AndroidManifest.xml:18:25-66
52
53                <category android:name="android.intent.category.LAUNCHER" />
53-->src\main\AndroidManifest.xml:20:17-77
53-->src\main\AndroidManifest.xml:20:27-74
54            </intent-filter>
55        </activity>
56        <activity android:name="com.example.deng.myapplication2.View.Main6Activity" />
56-->src\main\AndroidManifest.xml:23:9-56
56-->src\main\AndroidManifest.xml:23:19-53
57        <activity android:name="com.example.deng.myapplication2.View.Main4Activity" />
57-->src\main\AndroidManifest.xml:24:9-56
57-->src\main\AndroidManifest.xml:24:19-53
58
59        <meta-data
59-->src\main\AndroidManifest.xml:26:9-28:63
60            android:name="com.google.android.actions"
60-->src\main\AndroidManifest.xml:27:13-54
61            android:resource="@xml/network_security_config" />
61-->src\main\AndroidManifest.xml:28:13-60
62        <meta-data
62-->src\main\AndroidManifest.xml:29:9-31:40
63            android:name="com.baidu.speech.APP_ID"
63-->src\main\AndroidManifest.xml:30:13-51
64            android:value="18076089" />
64-->src\main\AndroidManifest.xml:31:13-37
65        <meta-data
65-->src\main\AndroidManifest.xml:32:9-34:56
66            android:name="com.baidu.speech.API_KEY"
66-->src\main\AndroidManifest.xml:33:13-52
67            android:value="QFlErpQnpEsm64epIzZ0j9aq" />
67-->src\main\AndroidManifest.xml:34:13-53
68        <meta-data
68-->src\main\AndroidManifest.xml:35:9-37:64
69            android:name="com.baidu.speech.SECRET_KEY"
69-->src\main\AndroidManifest.xml:36:13-55
70            android:value="jxsVRrCsuyRgkFs4GlqUGrOM6Zhy0Nx3" />
70-->src\main\AndroidManifest.xml:37:13-61
71
72        <service
72-->src\main\AndroidManifest.xml:39:9-41:40
73            android:name="com.baidu.speech.VoiceRecognitionService"
73-->src\main\AndroidManifest.xml:40:13-68
74            android:exported="false" />
74-->src\main\AndroidManifest.xml:41:13-37
75    </application>
76
77</manifest>